{
  "RSpec": {
    "coverage": {
      "/home/saasbook/Shared/Final_Programming/app/controllers/application_controller.rb": [
        1,
        1,
        null
      ],
      "/home/saasbook/Shared/Final_Programming/app/helpers/application_helper.rb": [
        1,
        null
      ],
      "/home/saasbook/Shared/Final_Programming/app/helpers/sales_helper.rb": [
        1,
        null
      ],
      "/home/saasbook/Shared/Final_Programming/app/controllers/sales_controller.rb": [
        1,
        null,
        null,
        1,
        0,
        0,
        null,
        0,
        null,
        0,
        0,
        0,
        null,
        null,
        null,
        null,
        null,
        1,
        0,
        null,
        0,
        0,
        0,
        null,
        null,
        null,
        null,
        null,
        1,
        0,
        null,
        0,
        0,
        0,
        null,
        null,
        null,
        null,
        1,
        0,
        null,
        null,
        null,
        null,
        1,
        0,
        null,
        0,
        0,
        0,
        0,
        null,
        0,
        0,
        null,
        null,
        null,
        null,
        null,
        null,
        1,
        0,
        null,
        0,
        0,
        0,
        0,
        null,
        0,
        0,
        null,
        null,
        null,
        null,
        null,
        null,
        1,
        0,
        0,
        null,
        0,
        0,
        0,
        null,
        null,
        null
      ],
      "/home/saasbook/Shared/Final_Programming/app/models/sale.rb": [
        1,
        1,
        null
      ]
    },
    "timestamp": 1421349739
  }
}
